<?xml version="1.0" encoding="UTF-8"?>
<testsuites name="SW Test Suite -1" time="34.52" tests="2" failures="0" errors="0">
   <testsuite name="SW Test Suite -1" tests="2" failures="0" errors="0" time="34.52" skipped="0" timestamp="25-03-2025T14:37:30" hostname="sashidharmudigonda - 192.168.1.7" id="Test Suites/SW Test Suite -1">
      <properties>
         <property name="deviceName" value=""/>
         <property name="devicePlatform"/>
         <property name="logFolder" value="/Users/sashidharmudigonda/Documents/Katalon Projects/PoC1/Reports/20250325_143720/SW Test Suite -1/20250325_143720"/>
         <property name="logFiles" value="/Users/sashidharmudigonda/Documents/Katalon Projects/PoC1/Reports/20250325_143720/SW Test Suite -1/20250325_143720/execution0.log"/>
         <property name="attachments" value=""/>
         <property name="hostName" value="sashidharmudigonda - 192.168.1.7"/>
         <property name="os" value="Mac OS X 64bit"/>
         <property name="katalonVersion" value="10.1.1.0"/>
         <property name="browser" value="Chrome 134.0.6998.118"/>
         <property name="hostAddress" value="192.168.1.7"/>
         <property name="sessionId" value="9730168af332e86fb864d13d95d72222"/>
         <property name="seleniumVersion" value="4.22.0"/>
         <property name="proxyInformation" value="ProxyInformation { proxyOption=NO_PROXY, proxyServerType=HTTP, username=, password=********, proxyServerAddress=, proxyServerPort=0, executionList=&quot;&quot;, isApplyToDesiredCapabilities=true }"/>
         <property name="platform" value="Mac OS X"/>
      </properties>
      <testcase name="Test Cases/TC_SW Book Appointment_1" time="21.304" classname="Test Cases/TC_SW Book Appointment_1" status="PASSED">
         <system-out><![CDATA[25-03-2025T14:37:31 - [TEST_CASE][PASSED] - Test Cases/TC_SW Book Appointment_1: Test Cases/TC_SW Book Appointment_1

25-03-2025T14:37:31 - [TEST_STEP][PASSED] - Start listener action : enableSauceLabs: [SAUCELABS] Saucelabs Plugin will not attempt to auto update job status and information !

25-03-2025T14:37:31 - [MESSAGE][INFO] - [SAUCELABS] Current run configuration: Chrome (headless)

25-03-2025T14:37:31 - [MESSAGE][INFO] - [SAUCELABS] Saucelabs Plugin will not attempt to auto update job status and information !

25-03-2025T14:37:31 - [TEST_STEP][PASSED] - openBrowser(""): Browser is opened with url: ''

25-03-2025T14:37:31 - [MESSAGE][INFO] - Starting 'Chrome (headless)' driver

25-03-2025T14:37:31 - [MESSAGE][INFO] - Action delay is set to 0 milliseconds

25-03-2025T14:37:36 - [MESSAGE][PASSED] - Browser is opened with url: ''

25-03-2025T14:37:36 - [TEST_STEP][PASSED] - navigateToUrl("http://demoaut.katalon.com/"): Navigate to 'http://demoaut.katalon.com/' successfully

25-03-2025T14:37:43 - [MESSAGE][PASSED] - Navigate to 'http://demoaut.katalon.com/' successfully

25-03-2025T14:37:43 - [TEST_STEP][PASSED] - click(findTestObject("Object Repository/Page_CURA Healthcare Service/a_Make Appointment")): Object: 'Object Repository/Page_CURA Healthcare Service/a_Make Appointment' is clicked on

25-03-2025T14:37:44 - [MESSAGE][PASSED] - Object: 'Object Repository/Page_CURA Healthcare Service/a_Make Appointment' is clicked on

25-03-2025T14:37:44 - [TEST_STEP][PASSED] - setText(findTestObject("Object Repository/Page_CURA Healthcare Service/input_Username_username"), "John Doe"): Text 'John Doe' is set on object 'Object Repository/Page_CURA Healthcare Service/input_Username_username'

25-03-2025T14:37:45 - [MESSAGE][PASSED] - Text 'John Doe' is set on object 'Object Repository/Page_CURA Healthcare Service/input_Username_username'

25-03-2025T14:37:45 - [TEST_STEP][PASSED] - setEncryptedText(findTestObject("Object Repository/Page_CURA Healthcare Service/input_Password_password"), "XS6wHrpNKMo="): Text ****** has been set on object 'Object Repository/Page_CURA Healthcare Service/input_Password_password'

25-03-2025T14:37:45 - [MESSAGE][PASSED] - Text ****** has been set on object 'Object Repository/Page_CURA Healthcare Service/input_Password_password'

25-03-2025T14:37:45 - [TEST_STEP][PASSED] - click(findTestObject("Object Repository/Page_CURA Healthcare Service/label_Password")): Object: 'Object Repository/Page_CURA Healthcare Service/label_Password' is clicked on

25-03-2025T14:37:46 - [MESSAGE][PASSED] - Object: 'Object Repository/Page_CURA Healthcare Service/label_Password' is clicked on

25-03-2025T14:37:46 - [TEST_STEP][PASSED] - setEncryptedText(findTestObject("Object Repository/Page_CURA Healthcare Service/input_Password_password"), "g3/DOGG74jC3Flrr3yH+3D/yKbOqqUNM"): Text ****** has been set on object 'Object Repository/Page_CURA Healthcare Service/input_Password_password'

25-03-2025T14:37:46 - [MESSAGE][PASSED] - Text ****** has been set on object 'Object Repository/Page_CURA Healthcare Service/input_Password_password'

25-03-2025T14:37:46 - [TEST_STEP][PASSED] - click(findTestObject("Object Repository/Page_CURA Healthcare Service/button_Login")): Object: 'Object Repository/Page_CURA Healthcare Service/button_Login' is clicked on

25-03-2025T14:37:47 - [MESSAGE][PASSED] - Object: 'Object Repository/Page_CURA Healthcare Service/button_Login' is clicked on

25-03-2025T14:37:47 - [TEST_STEP][PASSED] - click(findTestObject("Object Repository/Page_CURA Healthcare Service/input_Apply for hospital readmission_hospit_63901f")): Object: 'Object Repository/Page_CURA Healthcare Service/input_Apply for hospital readmission_hospit_63901f' is clicked on

25-03-2025T14:37:48 - [MESSAGE][PASSED] - Object: 'Object Repository/Page_CURA Healthcare Service/input_Apply for hospital readmission_hospit_63901f' is clicked on

25-03-2025T14:37:48 - [TEST_STEP][PASSED] - click(findTestObject("Object Repository/Page_CURA Healthcare Service/span_Visit Date (Required)_glyphicon glyphi_cada34")): Object: 'Object Repository/Page_CURA Healthcare Service/span_Visit Date (Required)_glyphicon glyphi_cada34' is clicked on

25-03-2025T14:37:48 - [MESSAGE][PASSED] - Object: 'Object Repository/Page_CURA Healthcare Service/span_Visit Date (Required)_glyphicon glyphi_cada34' is clicked on

25-03-2025T14:37:48 - [TEST_STEP][PASSED] - click(findTestObject("Object Repository/Page_CURA Healthcare Service/td_5")): Object: 'Object Repository/Page_CURA Healthcare Service/td_5' is clicked on

25-03-2025T14:37:49 - [MESSAGE][PASSED] - Object: 'Object Repository/Page_CURA Healthcare Service/td_5' is clicked on

25-03-2025T14:37:49 - [TEST_STEP][PASSED] - setText(findTestObject("Object Repository/Page_CURA Healthcare Service/textarea_Comment_comment"), "sample appointment"): Text 'sample appointment' is set on object 'Object Repository/Page_CURA Healthcare Service/textarea_Comment_comment'

25-03-2025T14:37:50 - [MESSAGE][PASSED] - Text 'sample appointment' is set on object 'Object Repository/Page_CURA Healthcare Service/textarea_Comment_comment'

25-03-2025T14:37:50 - [TEST_STEP][PASSED] - click(findTestObject("Object Repository/Page_CURA Healthcare Service/button_Book Appointment")): Object: 'Object Repository/Page_CURA Healthcare Service/button_Book Appointment' is clicked on

25-03-2025T14:37:50 - [MESSAGE][PASSED] - Object: 'Object Repository/Page_CURA Healthcare Service/button_Book Appointment' is clicked on

25-03-2025T14:37:50 - [TEST_STEP][PASSED] - verifyElementText(findTestObject("Object Repository/Page_CURA Healthcare Service/h2_Appointment Confirmation"), "Appointment Confirmation"): Actual text and expected text of test object 'Object Repository/Page_CURA Healthcare Service/h2_Appointment Confirmation' are matched.

25-03-2025T14:37:51 - [MESSAGE][PASSED] - Actual text and expected text of test object 'Object Repository/Page_CURA Healthcare Service/h2_Appointment Confirmation' are matched.

25-03-2025T14:37:51 - [TEST_STEP][PASSED] - click(findTestObject("Object Repository/Page_CURA Healthcare Service/a_Go to Homepage")): Object: 'Object Repository/Page_CURA Healthcare Service/a_Go to Homepage' is clicked on

25-03-2025T14:37:52 - [MESSAGE][PASSED] - Object: 'Object Repository/Page_CURA Healthcare Service/a_Go to Homepage' is clicked on

25-03-2025T14:37:52 - [TEST_STEP][PASSED] - closeBrowser(): Browser is closed

25-03-2025T14:37:52 - [MESSAGE][PASSED] - Browser is closed

25-03-2025T14:37:52 - [TEST_STEP][PASSED] - Start listener action : autoUpdateJobStatus: [SAUCELABS] Current run configuration: Chrome (headless)

25-03-2025T14:37:52 - [MESSAGE][INFO] - [SAUCELABS] Current run configuration: Chrome (headless)]]></system-out>
         <system-err><![CDATA[]]></system-err>
      </testcase>
      <testcase name="Test Cases/CURA Health Service/TC_Book Appointment-1" time="12.897" classname="Test Cases/CURA Health Service/TC_Book Appointment-1" status="PASSED">
         <system-out><![CDATA[25-03-2025T14:37:52 - [TEST_CASE][PASSED] - Test Cases/CURA Health Service/TC_Book Appointment-1: Test Cases/CURA Health Service/TC_Book Appointment-1

25-03-2025T14:37:52 - [TEST_STEP][PASSED] - Start listener action : enableSauceLabs: [SAUCELABS] Saucelabs Plugin will not attempt to auto update job status and information !

25-03-2025T14:37:52 - [MESSAGE][INFO] - [SAUCELABS] Current run configuration: Chrome (headless)

25-03-2025T14:37:52 - [MESSAGE][INFO] - [SAUCELABS] Saucelabs Plugin will not attempt to auto update job status and information !

25-03-2025T14:37:52 - [TEST_STEP][PASSED] - openBrowser(""): Browser is opened with url: ''

25-03-2025T14:37:52 - [MESSAGE][INFO] - Starting 'Chrome (headless)' driver

25-03-2025T14:37:52 - [MESSAGE][INFO] - Action delay is set to 0 milliseconds

25-03-2025T14:37:54 - [MESSAGE][PASSED] - Browser is opened with url: ''

25-03-2025T14:37:54 - [TEST_STEP][PASSED] - navigateToUrl("https://katalon-demo-cura.herokuapp.com/"): Navigate to 'https://katalon-demo-cura.herokuapp.com/' successfully

25-03-2025T14:37:57 - [MESSAGE][PASSED] - Navigate to 'https://katalon-demo-cura.herokuapp.com/' successfully

25-03-2025T14:37:57 - [TEST_STEP][PASSED] - verifyElementText(findTestObject("Object Repository/Page_CURA Healthcare Service/h1_CURA Healthcare Service"), "CURA Healthcare Service"): Actual text and expected text of test object 'Object Repository/Page_CURA Healthcare Service/h1_CURA Healthcare Service' are matched.

25-03-2025T14:37:57 - [MESSAGE][PASSED] - Actual text and expected text of test object 'Object Repository/Page_CURA Healthcare Service/h1_CURA Healthcare Service' are matched.

25-03-2025T14:37:57 - [TEST_STEP][PASSED] - verifyElementText(findTestObject("Object Repository/Page_CURA Healthcare Service/a_btn-make-appointment"), "Make Appointment"): Actual text and expected text of test object 'Object Repository/Page_CURA Healthcare Service/a_btn-make-appointment' are matched.

25-03-2025T14:37:57 - [MESSAGE][PASSED] - Actual text and expected text of test object 'Object Repository/Page_CURA Healthcare Service/a_btn-make-appointment' are matched.

25-03-2025T14:37:57 - [TEST_STEP][PASSED] - click(findTestObject("Object Repository/Page_CURA Healthcare Service/a_btn-make-appointment")): Object: 'Object Repository/Page_CURA Healthcare Service/a_btn-make-appointment' is clicked on

25-03-2025T14:37:58 - [MESSAGE][PASSED] - Object: 'Object Repository/Page_CURA Healthcare Service/a_btn-make-appointment' is clicked on

25-03-2025T14:37:58 - [TEST_STEP][PASSED] - setText(findTestObject("Object Repository/Page_CURA Healthcare Service/input_Username"), "John Doe"): Text 'John Doe' is set on object 'Object Repository/Page_CURA Healthcare Service/input_Username'

25-03-2025T14:37:59 - [MESSAGE][PASSED] - Text 'John Doe' is set on object 'Object Repository/Page_CURA Healthcare Service/input_Username'

25-03-2025T14:37:59 - [TEST_STEP][PASSED] - click(findTestObject("Object Repository/Page_CURA Healthcare Service/input_Password")): Object: 'Object Repository/Page_CURA Healthcare Service/input_Password' is clicked on

25-03-2025T14:37:59 - [MESSAGE][PASSED] - Object: 'Object Repository/Page_CURA Healthcare Service/input_Password' is clicked on

25-03-2025T14:37:59 - [TEST_STEP][PASSED] - setEncryptedText(findTestObject("Object Repository/Page_CURA Healthcare Service/input_Password"), "g3/DOGG74jC3Flrr3yH+3D/yKbOqqUNM"): Text ****** has been set on object 'Object Repository/Page_CURA Healthcare Service/input_Password'

25-03-2025T14:37:59 - [MESSAGE][PASSED] - Text ****** has been set on object 'Object Repository/Page_CURA Healthcare Service/input_Password'

25-03-2025T14:37:59 - [TEST_STEP][PASSED] - click(findTestObject("Object Repository/Page_CURA Healthcare Service/button_btn-login")): Object: 'Object Repository/Page_CURA Healthcare Service/button_btn-login' is clicked on

25-03-2025T14:38:00 - [MESSAGE][PASSED] - Object: 'Object Repository/Page_CURA Healthcare Service/button_btn-login' is clicked on

25-03-2025T14:38:00 - [TEST_STEP][PASSED] - verifyElementText(findTestObject("Object Repository/Page_CURA Healthcare Service/h2_Make Appointment"), "Make Appointment"): Actual text and expected text of test object 'Object Repository/Page_CURA Healthcare Service/h2_Make Appointment' are matched.

25-03-2025T14:38:01 - [MESSAGE][PASSED] - Actual text and expected text of test object 'Object Repository/Page_CURA Healthcare Service/h2_Make Appointment' are matched.

25-03-2025T14:38:01 - [TEST_STEP][PASSED] - click(findTestObject("Object Repository/Page_CURA Healthcare Service/input_Apply for hospital readmission")): Object: 'Object Repository/Page_CURA Healthcare Service/input_Apply for hospital readmission' is clicked on

25-03-2025T14:38:01 - [MESSAGE][PASSED] - Object: 'Object Repository/Page_CURA Healthcare Service/input_Apply for hospital readmission' is clicked on

25-03-2025T14:38:01 - [TEST_STEP][PASSED] - click(findTestObject("Object Repository/Page_CURA Healthcare Service/span_glyphicon glyphicon-calendar")): Object: 'Object Repository/Page_CURA Healthcare Service/span_glyphicon glyphicon-calendar' is clicked on

25-03-2025T14:38:01 - [MESSAGE][PASSED] - Object: 'Object Repository/Page_CURA Healthcare Service/span_glyphicon glyphicon-calendar' is clicked on

25-03-2025T14:38:01 - [TEST_STEP][PASSED] - click(findTestObject("Object Repository/Page_CURA Healthcare Service/td_5")): Object: 'Object Repository/Page_CURA Healthcare Service/td_5' is clicked on

25-03-2025T14:38:02 - [MESSAGE][PASSED] - Object: 'Object Repository/Page_CURA Healthcare Service/td_5' is clicked on

25-03-2025T14:38:02 - [TEST_STEP][PASSED] - setText(findTestObject("Object Repository/Page_CURA Healthcare Service/textarea_Comment"), "Make an appointment"): Text 'Make an appointment' is set on object 'Object Repository/Page_CURA Healthcare Service/textarea_Comment'

25-03-2025T14:38:03 - [MESSAGE][PASSED] - Text 'Make an appointment' is set on object 'Object Repository/Page_CURA Healthcare Service/textarea_Comment'

25-03-2025T14:38:03 - [TEST_STEP][PASSED] - click(findTestObject("Object Repository/Page_CURA Healthcare Service/button_btn-book-appointment")): Object: 'Object Repository/Page_CURA Healthcare Service/button_btn-book-appointment' is clicked on

25-03-2025T14:38:03 - [MESSAGE][PASSED] - Object: 'Object Repository/Page_CURA Healthcare Service/button_btn-book-appointment' is clicked on

25-03-2025T14:38:03 - [TEST_STEP][PASSED] - verifyElementText(findTestObject("Object Repository/Page_CURA Healthcare Service/h2_Appointment Confirmation"), "Appointment Confirmation"): Actual text and expected text of test object 'Object Repository/Page_CURA Healthcare Service/h2_Appointment Confirmation' are matched.

25-03-2025T14:38:04 - [MESSAGE][PASSED] - Actual text and expected text of test object 'Object Repository/Page_CURA Healthcare Service/h2_Appointment Confirmation' are matched.

25-03-2025T14:38:04 - [TEST_STEP][PASSED] - click(findTestObject("Object Repository/Page_CURA Healthcare Service/a_Go to Homepage")): Object: 'Object Repository/Page_CURA Healthcare Service/a_Go to Homepage' is clicked on

25-03-2025T14:38:05 - [MESSAGE][PASSED] - Object: 'Object Repository/Page_CURA Healthcare Service/a_Go to Homepage' is clicked on

25-03-2025T14:38:05 - [TEST_STEP][PASSED] - closeBrowser(): Browser is closed

25-03-2025T14:38:05 - [MESSAGE][PASSED] - Browser is closed

25-03-2025T14:38:05 - [TEST_STEP][PASSED] - Start listener action : autoUpdateJobStatus: [SAUCELABS] Current run configuration: Chrome (headless)

25-03-2025T14:38:05 - [MESSAGE][INFO] - [SAUCELABS] Current run configuration: Chrome (headless)]]></system-out>
         <system-err><![CDATA[]]></system-err>
      </testcase>
      <system-out><![CDATA[25-03-2025T14:37:30 - [TEST_SUITE][PASSED] - SW Test Suite -1: Test Cases/CURA Health Service/TC_Book Appointment-1]]></system-out>
      <system-err><![CDATA[]]></system-err>
   </testsuite>
</testsuites>
